2020-12-15 16:34:15 15000 START a
2020-12-15 16:34:15 15000 END 1069
2020-12-15 16:34:15 15000 START a
2020-12-15 16:34:15 15000 END 998
2020-12-15 16:34:15 15000 START s
2020-12-15 16:34:15 15000 END 38646
2020-12-15 16:34:15 15000 START v
2020-12-15 16:34:15 15000 END 1034
2020-12-15 16:34:17 97900 START l
2020-12-15 16:34:17 97900 END 65299
2020-12-15 16:34:17 97900 START r
2020-12-15 16:34:18 97900 ERROR Произошло внутреннее (ACollector::removeItem) исключение при обработке оператора r: index >= _items.size()
2020-12-15 16:34:18 97900 END 120299
2020-12-15 16:34:19 1100 START l
2020-12-15 16:34:19 1100 END 4824
2020-12-15 16:34:19 1100 START ad
2020-12-15 16:34:19 1100 END 562
2020-12-15 16:34:19 1100 START ad
2020-12-15 16:34:19 1100 END 665
2020-12-15 16:34:19 1100 START ad
2020-12-15 16:34:19 1100 ERROR Произошло внутреннее (ACollector::getItem) исключение при обработке оператора ad: index >= _items.size()
2020-12-15 16:34:19 1100 END 1132
2020-12-15 16:34:21 98600 START l
2020-12-15 16:34:21 98600 END 5374
2020-12-15 16:34:21 98600 START vd
2020-12-15 16:34:21 98600 END 739
2020-12-15 16:34:21 98600 START vd
2020-12-15 16:34:21 98600 END 1072
2020-12-15 16:34:23 78700 START a
2020-12-15 16:34:23 78700 END 1334
2020-12-15 16:34:24 60300 START l
2020-12-15 16:34:24 60300 END 2466
2020-12-15 16:34:26 69800 START l
2020-12-15 16:34:26 69800 END 5024
2020-12-15 16:34:26 69800 START vd
2020-12-15 16:34:26 69800 ERROR Произошло внутреннее (Date::Date(string str)) исключение при обработке оператора vd: invariant
2020-12-15 16:34:26 69800 END 1249
2020-12-15 16:34:26 24600 START a
2020-12-15 16:34:26 24600 END 768
2020-12-15 16:34:26 24600 START a
2020-12-15 16:34:26 24600 END 887
2020-12-15 16:34:26 24600 START s
2020-12-15 16:34:26 24600 END 8089
2020-12-15 16:34:26 24600 START v
2020-12-15 16:34:26 24600 END 824
2020-12-15 16:34:27 67700 START l
2020-12-15 16:34:27 67700 END 4682
2020-12-15 16:34:27 67700 START r
2020-12-15 16:34:27 67700 ERROR Произошло внутреннее (ACollector::removeItem) исключение при обработке оператора r: index >= _items.size()
2020-12-15 16:34:27 67700 END 1300
2020-12-15 16:34:28 59600 START l
2020-12-15 16:34:28 59600 END 5080
2020-12-15 16:34:28 59600 START ad
2020-12-15 16:34:28 59600 END 799
2020-12-15 16:34:28 59600 START ad
2020-12-15 16:34:28 59600 END 838
2020-12-15 16:34:28 59600 START ad
2020-12-15 16:34:28 59600 ERROR Произошло внутреннее (ACollector::getItem) исключение при обработке оператора ad: index >= _items.size()
2020-12-15 16:34:28 59600 END 1201
2020-12-15 16:34:31 35800 START l
2020-12-15 16:34:31 35800 END 5778
2020-12-15 16:34:31 35800 START vd
2020-12-15 16:34:31 35800 END 1230
2020-12-15 16:34:31 35800 START vd
2020-12-15 16:34:31 35800 END 923
2020-12-15 16:34:32 28600 START a
2020-12-15 16:34:32 28600 END 1021
2020-12-15 16:34:33 40800 START l
2020-12-15 16:34:33 40800 END 1890
2020-12-15 16:34:33 76800 START l
2020-12-15 16:34:33 76800 END 5160
2020-12-15 16:34:33 76800 START vd
2020-12-15 16:34:33 76800 ERROR Произошло внутреннее (Date::Date(string str)) исключение при обработке оператора vd: invariant
2020-12-15 16:34:33 76800 END 2172
2020-12-15 17:06:12 87300 START a
2020-12-15 17:06:12 87300 END 1118
2020-12-15 17:06:12 87300 START a
2020-12-15 17:06:12 87300 END 723
2020-12-15 17:06:12 87300 START s
2020-12-15 17:06:12 87300 END 19006
2020-12-15 17:06:12 87300 START v
2020-12-15 17:06:12 87300 END 1871
2020-12-15 17:06:13 20600 START l
2020-12-15 17:06:13 20600 END 5130
2020-12-15 17:06:13 20600 START r
2020-12-15 17:06:13 20600 ERROR Произошло внутреннее (ACollector::removeItem) исключение при обработке оператора r: index >= _items.size()
2020-12-15 17:06:13 20600 END 1392
2020-12-15 17:06:15 31800 START l
2020-12-15 17:06:15 31800 END 4521
2020-12-15 17:06:15 31800 START ad
2020-12-15 17:06:15 31800 END 576
2020-12-15 17:06:15 31800 START ad
2020-12-15 17:06:15 31800 END 695
2020-12-15 17:06:15 31800 START ad
2020-12-15 17:06:15 31800 ERROR Произошло внутреннее (ACollector::getItem) исключение при обработке оператора ad: index >= _items.size()
2020-12-15 17:06:15 31800 END 1662
2020-12-15 17:06:16 20400 START l
2020-12-15 17:06:16 20400 END 5187
2020-12-15 17:06:16 20400 START vd
2020-12-15 17:06:16 20400 END 656
2020-12-15 17:06:16 20400 START vd
2020-12-15 17:06:16 20400 END 789
2020-12-15 17:06:18 40100 START a
2020-12-15 17:06:18 40100 END 1283
2020-12-15 17:06:19 73600 START l
2020-12-15 17:06:19 73600 END 1450
2020-12-15 17:06:21 65600 START l
2020-12-15 17:06:21 65600 END 5044
2020-12-15 17:06:21 65600 START vd
2020-12-15 17:06:21 65600 ERROR Произошло внутреннее (Date::Date(string str)) исключение при обработке оператора vd: invariant
2020-12-15 17:06:21 65600 END 2368
2020-12-15 17:06:21 35900 START a
2020-12-15 17:06:21 35900 END 994
2020-12-15 17:06:21 35900 START a
2020-12-15 17:06:21 35900 END 651
2020-12-15 17:06:21 35900 START s
2020-12-15 17:06:21 35900 END 8660
2020-12-15 17:06:21 35900 START v
2020-12-15 17:06:21 35900 END 3065
2020-12-15 17:06:22 26900 START l
2020-12-15 17:06:22 26900 END 5401
2020-12-15 17:06:22 26900 START r
2020-12-15 17:06:22 26900 ERROR Произошло внутреннее (ACollector::removeItem) исключение при обработке оператора r: index >= _items.size()
2020-12-15 17:06:22 26900 END 1578
2020-12-15 17:06:23 97900 START l
2020-12-15 17:06:23 97900 END 4765
2020-12-15 17:06:23 97900 START ad
2020-12-15 17:06:23 97900 END 788
2020-12-15 17:06:23 97900 START ad
2020-12-15 17:06:23 97900 END 974
2020-12-15 17:06:23 97900 START ad
2020-12-15 17:06:23 97900 ERROR Произошло внутреннее (ACollector::getItem) исключение при обработке оператора ad: index >= _items.size()
2020-12-15 17:06:23 97900 END 1909
2020-12-15 17:06:25 96000 START l
2020-12-15 17:06:25 96000 END 6536
2020-12-15 17:06:25 96000 START vd
2020-12-15 17:06:25 96000 END 1063
2020-12-15 17:06:25 96000 START vd
2020-12-15 17:06:25 96000 END 692
2020-12-15 17:06:27 2900 START a
2020-12-15 17:06:27 2900 END 1131
2020-12-15 17:06:28 35000 START l
2020-12-15 17:06:28 35000 END 1529
2020-12-15 17:06:28 61600 START l
2020-12-15 17:06:28 61600 END 6400
2020-12-15 17:06:28 61600 START vd
2020-12-15 17:06:28 61600 ERROR Произошло внутреннее (Date::Date(string str)) исключение при обработке оператора vd: invariant
2020-12-15 17:06:28 61600 END 1381
2020-12-15 21:35:41 10200 START a
2020-12-15 21:35:41 10200 END 675
2020-12-15 21:35:41 10200 START a
2020-12-15 21:35:41 10200 END 17
2020-12-15 21:35:41 10200 START s
2020-12-15 21:35:41 10200 END 142
2020-12-15 21:35:41 10200 START v
2020-12-15 21:35:41 10200 END 64
2020-12-15 21:35:42 29000 START l
2020-12-15 21:35:42 29000 END 288
2020-12-15 21:35:42 29000 START r
2020-12-15 21:35:42 29000 ERROR Произошло внутреннее (ACollector::removeItem) исключение при обработке оператора r: index >= _items.size()
2020-12-15 21:35:42 29000 END 4431
2020-12-15 21:35:44 52400 START l
2020-12-15 21:35:44 52400 END 153
2020-12-15 21:35:44 52400 START ad
2020-12-15 21:35:44 52400 END 19
2020-12-15 21:35:44 52400 START ad
2020-12-15 21:35:44 52400 END 13
2020-12-15 21:35:44 52400 START ad
2020-12-15 21:35:44 52400 ERROR Произошло внутреннее (ACollector::getItem) исключение при обработке оператора ad: index >= _items.size()
2020-12-15 21:35:44 52400 END 119
2020-12-15 21:35:45 79700 START l
2020-12-15 21:35:45 79700 END 195
2020-12-15 21:35:45 79700 START vd
2020-12-15 21:35:45 79700 END 97
2020-12-15 21:35:45 79700 START vd
2020-12-15 21:35:45 79700 END 155
2020-12-15 21:35:47 41200 START a
2020-12-15 21:35:47 41200 END 476
2020-12-15 21:35:48 80300 START l
2020-12-15 21:35:48 80300 END 189
2020-12-15 21:35:50 39800 START l
2020-12-15 21:35:50 39800 END 120
2020-12-15 21:35:50 39800 START vd
2020-12-15 21:35:50 39800 ERROR Произошло внутреннее (Date::Date(string str)) исключение при обработке оператора vd: invariant
2020-12-15 21:35:50 39800 END 99
2020-12-15 21:35:50 33900 START a
2020-12-15 21:35:50 33900 END 135
2020-12-15 21:35:50 33900 START a
2020-12-15 21:35:50 33900 END 21
2020-12-15 21:35:50 33900 START s
2020-12-15 21:35:50 33900 END 158
2020-12-15 21:35:50 33900 START v
2020-12-15 21:35:50 33900 END 77
2020-12-15 21:35:51 61700 START l
2020-12-15 21:35:51 61700 END 489
2020-12-15 21:35:51 61700 START r
2020-12-15 21:35:51 61700 ERROR Произошло внутреннее (ACollector::removeItem) исключение при обработке оператора r: index >= _items.size()
2020-12-15 21:35:51 61700 END 262
2020-12-15 21:35:52 16600 START l
2020-12-15 21:35:52 16600 END 428
2020-12-15 21:35:52 16600 START ad
2020-12-15 21:35:52 16600 END 12
2020-12-15 21:35:52 16600 START ad
2020-12-15 21:35:52 16600 END 8
2020-12-15 21:35:52 16600 START ad
2020-12-15 21:35:52 16600 ERROR Произошло внутреннее (ACollector::getItem) исключение при обработке оператора ad: index >= _items.size()
2020-12-15 21:35:52 16600 END 72
2020-12-15 21:35:54 45700 START l
2020-12-15 21:35:54 45700 END 118
2020-12-15 21:35:54 45700 START vd
2020-12-15 21:35:54 45700 END 81
2020-12-15 21:35:54 45700 START vd
2020-12-15 21:35:54 45700 END 125
2020-12-15 21:35:56 73800 START a
2020-12-15 21:35:56 73800 END 386
2020-12-15 21:35:56 56600 START l
2020-12-15 21:35:56 56600 END 400
2020-12-15 21:35:57 82400 START l
2020-12-15 21:35:57 82400 END 110
2020-12-15 21:35:57 82400 START vd
2020-12-15 21:35:57 82400 ERROR Произошло внутреннее (Date::Date(string str)) исключение при обработке оператора vd: invariant
2020-12-15 21:35:57 82400 END 76
